2020-10-26 14:44:45.0029 [main] INFO  c.z.s.d.bi.stats.BiStatsApplication-[Line:55]>Starting BiStatsApplication on DESKTOP-SU540NN with PID 23612 (F:\work\server\bi-stats\bi-stats\target\classes started by L in F:\work\server\bi-stats\bi-stats)
2020-10-26 14:44:45.0032 [main] INFO  c.z.s.d.bi.stats.BiStatsApplication-[Line:651]>No active profile set, falling back to default profiles: default
2020-10-26 14:44:45.0536 [main] ERROR com.zaxxer.hikari.HikariConfig-[Line:482]>Failed to load driver class com.mysql.cj.jdbc.Driver from HikariConfig class classloader jdk.internal.loader.ClassLoaders$AppClassLoader@2f0e140b
2020-10-26 14:44:45.0546 [main] ERROR o.s.b.d.LoggingFailureAnalysisReporter-[Line:40]>

***************************
APPLICATION FAILED TO START
***************************

Description:

Failed to bind properties under 'hikari.bi' to javax.sql.DataSource:

    Property: hikari.bi.driver-class-name
    Value: com.mysql.cj.jdbc.Driver
    Origin: class path resource [application.yml]:11:24
    Reason: Failed to load driver class com.mysql.cj.jdbc.Driver in either of HikariConfig class loader or Thread context classloader

Action:

Update your application's configuration

2020-10-26 14:48:50.0944 [main] INFO  c.z.s.d.bi.stats.BiStatsApplication-[Line:55]>Starting BiStatsApplication on DESKTOP-SU540NN with PID 34692 (F:\work\server\bi-stats\bi-stats\target\classes started by L in F:\work\server\bi-stats\bi-stats)
2020-10-26 14:48:50.0948 [main] INFO  c.z.s.d.bi.stats.BiStatsApplication-[Line:651]>No active profile set, falling back to default profiles: default
2020-10-26 14:48:51.0468 [main] ERROR com.zaxxer.hikari.HikariConfig-[Line:482]>Failed to load driver class com.mysql.cj.jdbc.Driver from HikariConfig class classloader jdk.internal.loader.ClassLoaders$AppClassLoader@2f0e140b
2020-10-26 14:48:51.0478 [main] ERROR o.s.b.d.LoggingFailureAnalysisReporter-[Line:40]>

***************************
APPLICATION FAILED TO START
***************************

Description:

Failed to bind properties under 'hikari.bi' to javax.sql.DataSource:

    Property: hikari.bi.driver-class-name
    Value: com.mysql.cj.jdbc.Driver
    Origin: class path resource [application.yml]:11:24
    Reason: Failed to load driver class com.mysql.cj.jdbc.Driver in either of HikariConfig class loader or Thread context classloader

Action:

Update your application's configuration

2020-10-26 14:54:20.0822 [main] INFO  c.z.s.d.bi.stats.BiStatsApplication-[Line:55]>Starting BiStatsApplication on DESKTOP-SU540NN with PID 40092 (F:\work\server\bi-stats\bi-stats\target\classes started by L in F:\work\server\bi-stats\bi-stats)
2020-10-26 14:54:20.0824 [main] INFO  c.z.s.d.bi.stats.BiStatsApplication-[Line:651]>No active profile set, falling back to default profiles: default
2020-10-26 14:54:21.0250 [main] ERROR com.zaxxer.hikari.HikariConfig-[Line:482]>Failed to load driver class com.mysql.cj.jdbc.Driver from HikariConfig class classloader jdk.internal.loader.ClassLoaders$AppClassLoader@2f0e140b
2020-10-26 14:54:21.0259 [main] ERROR o.s.b.d.LoggingFailureAnalysisReporter-[Line:40]>

***************************
APPLICATION FAILED TO START
***************************

Description:

Failed to bind properties under 'hikari.bi' to javax.sql.DataSource:

    Property: hikari.bi.driver-class-name
    Value: com.mysql.cj.jdbc.Driver
    Origin: class path resource [application.yml]:11:24
    Reason: Failed to load driver class com.mysql.cj.jdbc.Driver in either of HikariConfig class loader or Thread context classloader

Action:

Update your application's configuration

2020-10-26 14:55:50.0037 [main] INFO  c.z.s.d.bi.stats.BiStatsApplication-[Line:55]>Starting BiStatsApplication on DESKTOP-SU540NN with PID 37864 (F:\work\server\bi-stats\bi-stats\target\classes started by L in F:\work\server\bi-stats\bi-stats)
2020-10-26 14:55:50.0041 [main] INFO  c.z.s.d.bi.stats.BiStatsApplication-[Line:651]>No active profile set, falling back to default profiles: default
2020-10-26 14:55:50.0469 [main] ERROR com.zaxxer.hikari.HikariConfig-[Line:482]>Failed to load driver class com.mysql.cj.jdbc.Driver from HikariConfig class classloader jdk.internal.loader.ClassLoaders$AppClassLoader@2f0e140b
2020-10-26 14:55:50.0480 [main] ERROR o.s.b.d.LoggingFailureAnalysisReporter-[Line:40]>

***************************
APPLICATION FAILED TO START
***************************

Description:

Failed to bind properties under 'hikari.bi' to javax.sql.DataSource:

    Property: hikari.bi.driver-class-name
    Value: com.mysql.cj.jdbc.Driver
    Origin: class path resource [application.yml]:11:24
    Reason: Failed to load driver class com.mysql.cj.jdbc.Driver in either of HikariConfig class loader or Thread context classloader

Action:

Update your application's configuration

2020-10-26 14:56:47.0540 [main] INFO  c.z.s.d.bi.stats.BiStatsApplication-[Line:55]>Starting BiStatsApplication on DESKTOP-SU540NN with PID 30300 (F:\work\server\bi-stats\bi-stats\target\classes started by L in F:\work\server\bi-stats\bi-stats)
2020-10-26 14:56:47.0543 [main] INFO  c.z.s.d.bi.stats.BiStatsApplication-[Line:651]>No active profile set, falling back to default profiles: default
2020-10-26 14:56:47.0939 [main] ERROR com.zaxxer.hikari.HikariConfig-[Line:482]>Failed to load driver class com.mysql.cj.jdbc.Driver from HikariConfig class classloader jdk.internal.loader.ClassLoaders$AppClassLoader@2f0e140b
2020-10-26 14:56:47.0948 [main] ERROR o.s.b.d.LoggingFailureAnalysisReporter-[Line:40]>

***************************
APPLICATION FAILED TO START
***************************

Description:

Failed to bind properties under 'hikari.bi' to javax.sql.DataSource:

    Property: hikari.bi.driver-class-name
    Value: com.mysql.cj.jdbc.Driver
    Origin: class path resource [application.yml]:14:24
    Reason: Failed to load driver class com.mysql.cj.jdbc.Driver in either of HikariConfig class loader or Thread context classloader

Action:

Update your application's configuration

