2020-10-26 20:33:28.0824 [main] ERROR com.zaxxer.hikari.HikariConfig-[Line:482]>Failed to load driver class com.mysql.cj.jdbc.Driver from HikariConfig class classloader jdk.internal.loader.ClassLoaders$AppClassLoader@2f0e140b
2020-10-26 20:33:28.0836 [main] ERROR o.s.b.d.LoggingFailureAnalysisReporter-[Line:40]>

***************************
APPLICATION FAILED TO START
***************************

Description:

Failed to bind properties under 'hikari.bi' to javax.sql.DataSource:

    Property: hikari.bi.driver-class-name
    Value: com.mysql.cj.jdbc.Driver
    Origin: class path resource [application.properties]:5:29
    Reason: Failed to load driver class com.mysql.cj.jdbc.Driver in either of HikariConfig class loader or Thread context classloader

Action:

Update your application's configuration

2020-10-26 20:33:53.0606 [main] ERROR com.zaxxer.hikari.HikariConfig-[Line:482]>Failed to load driver class com.mysql.cj.jdbc.Driver from HikariConfig class classloader jdk.internal.loader.ClassLoaders$AppClassLoader@2f0e140b
2020-10-26 20:33:53.0613 [main] ERROR o.s.b.d.LoggingFailureAnalysisReporter-[Line:40]>

***************************
APPLICATION FAILED TO START
***************************

Description:

Failed to bind properties under 'hikari.bi' to javax.sql.DataSource:

    Property: hikari.bi.driver-class-name
    Value: com.mysql.cj.jdbc.Driver
    Origin: class path resource [application.properties]:5:29
    Reason: Failed to load driver class com.mysql.cj.jdbc.Driver in either of HikariConfig class loader or Thread context classloader

Action:

Update your application's configuration

2020-10-26 20:37:44.0083 [main] ERROR com.zaxxer.hikari.HikariConfig-[Line:482]>Failed to load driver class com.mysql.cj.jdbc.Driver from HikariConfig class classloader jdk.internal.loader.ClassLoaders$AppClassLoader@2f0e140b
2020-10-26 20:37:44.0092 [main] ERROR o.s.b.d.LoggingFailureAnalysisReporter-[Line:40]>

***************************
APPLICATION FAILED TO START
***************************

Description:

Failed to bind properties under 'hikari.bi' to javax.sql.DataSource:

    Property: hikari.bi.driver-class-name
    Value: com.mysql.cj.jdbc.Driver
    Origin: class path resource [application.properties]:5:29
    Reason: Failed to load driver class com.mysql.cj.jdbc.Driver in either of HikariConfig class loader or Thread context classloader

Action:

Update your application's configuration

